<?xml version="1.0" encoding="UTF-8"?>
<!-- Generated by org.testng.reporters.JUnitReportReporter -->
<testsuite hostname="Gunit" failures="0" tests="1" name="Com.NopCommerce.TestCases.Tc_CustReg_001" time="5.325" errors="0" timestamp="2022-11-05T08:52:23 IST" skipped="0">
  <testcase classname="Com.NopCommerce.TestCases.Tc_CustReg_001" name="RegisterCust" time="5.325"/>
  <system-out/>
</testsuite> <!-- Com.NopCommerce.TestCases.Tc_CustReg_001 -->
