<?xml version="1.0" encoding="UTF-8"?>
<!-- Generated by org.testng.reporters.JUnitReportReporter -->
<testsuite hostname="Gunit" failures="0" tests="1" name="Com.NopCommerce.TestCases.TC_CustPlaceOrder_001" time="14.871" errors="0" timestamp="2022-11-05T08:52:23 IST" skipped="0">
  <testcase classname="Com.NopCommerce.TestCases.TC_CustPlaceOrder_001" name="CustomerPlaceorder" time="14.871"/>
  <system-out/>
</testsuite> <!-- Com.NopCommerce.TestCases.TC_CustPlaceOrder_001 -->
